Arguments: 
  /home/benjaminbrown/.nvm/versions/node/v10.16.0/bin/node /usr/share/yarn/bin/yarn.js add retext-readibility

PATH: 
  /home/benjaminbrown/.cargo/bin:/home/benjaminbrown/.nvm/versions/node/v10.16.0/bin:/usr/local/sbin:/usr/local/bin:/usr/sbin:/usr/bin:/sbin:/bin:/usr/games:/usr/local/games:/mnt/d/Program Files/MSYS2/usr/bin:/mnt/c/Program Files/Intel/Intel(R) Management Engine Components/iCLS/:/mnt/c/Windows/system32:/mnt/c/Windows:/mnt/c/Windows/System32/Wbem:/mnt/c/Windows/System32/WindowsPowerShell/v1.0/:/mnt/c/Windows/System32/OpenSSH/:/mnt/c/Program Files (x86)/Intel/Intel(R) Management Engine Components/DAL:/mnt/c/Program Files/Intel/Intel(R) Management Engine Components/DAL:/mnt/c/Program Files (x86)/Intel/Intel(R) Management Engine Components/IPT:/mnt/c/Program Files/Intel/Intel(R) Management Engine Components/IPT:/mnt/c/Program Files (x86)/NVIDIA Corporation/PhysX/Common:/mnt/c/WINDOWS/system32:/mnt/c/WINDOWS:/mnt/c/WINDOWS/System32/Wbem:/mnt/c/WINDOWS/System32/WindowsPowerShell/v1.0/:/mnt/c/WINDOWS/System32/OpenSSH/:/mnt/d/Program Files/nodejs/:/mnt/d/Program Files/MSYS2/mingw64/bin:/mnt/c/Users/Marcu/.cargo/bin:/mnt/c/Program Files/CMake/bin:/mnt/c/Program Files (x86)/Common Files/GTK/2.0/bin:/mnt/c/Program Files/dotnet/:/mnt/c/Users/Marcu/AppData/Local/Microsoft/WindowsApps:/mnt/d/Program Files/Microsoft VS Code/bin:/mnt/c/Users/Marcu/AppData/Roaming/npm:/snap/bin

Yarn version: 
  1.21.1

Node version: 
  10.16.0

Platform: 
  linux x64

Trace: 
  Error: https://registry.yarnpkg.com/retext-readibility: Not found
      at Request.params.callback [as _callback] (/usr/share/yarn/lib/cli.js:66947:18)
      at Request.self.callback (/usr/share/yarn/lib/cli.js:140665:22)
      at Request.emit (events.js:198:13)
      at Request.<anonymous> (/usr/share/yarn/lib/cli.js:141637:10)
      at Request.emit (events.js:198:13)
      at IncomingMessage.<anonymous> (/usr/share/yarn/lib/cli.js:141559:12)
      at Object.onceWrapper (events.js:286:20)
      at IncomingMessage.emit (events.js:203:15)
      at endReadableNT (_stream_readable.js:1129:12)
      at process._tickCallback (internal/process/next_tick.js:63:19)

npm manifest: 
  {
    "name": "src",
    "version": "1.0.0",
    "main": "index.js",
    "license": "MIT",
    "scripts": {
      "build": "node index.js",
      "analyze": "node analyze.js ../out/master.txt"
    },
    "dependencies": {
      "flesch-kincaid": "^1.0.5",
      "retext-english": "^3.0.4",
      "retext-stringify": "^2.0.4",
      "unified": "^9.2.0",
      "unified-stream": "^1.0.6"
    }
  }

yarn manifest: 
  No manifest

Lockfile: 
  # THIS IS AN AUTOGENERATED FILE. DO NOT EDIT THIS FILE DIRECTLY.
  # yarn lockfile v1
  
  
  "@types/unist@^2.0.0", "@types/unist@^2.0.2":
    version "2.0.3"
    resolved "https://registry.yarnpkg.com/@types/unist/-/unist-2.0.3.tgz#9c088679876f374eb5983f150d4787aa6fb32d7e"
    integrity sha512-FvUupuM3rlRsRtCN+fDudtmytGO6iHJuuRKS1Ss0pG5z8oX0diNEw94UEL7hgDbpN94rgaK5R7sWm6RrSkZuAQ==
  
  array-iterate@^1.0.0:
    version "1.1.4"
    resolved "https://registry.yarnpkg.com/array-iterate/-/array-iterate-1.1.4.tgz#add1522e9dd9749bb41152d08b845bd08d6af8b7"
    integrity sha512-sNRaPGh9nnmdC8Zf+pT3UqP8rnWj5Hf9wiFGsX3wUQ2yVSIhO2ShFwCoceIPpB41QF6i2OEmrHmCo36xronCVA==
  
  bail@^1.0.0:
    version "1.0.5"
    resolved "https://registry.yarnpkg.com/bail/-/bail-1.0.5.tgz#b6fa133404a392cbc1f8c4bf63f5953351e7a776"
    integrity sha512-xFbRxM1tahm08yHBP16MMjVUAvDaBMD38zsM9EMAUN61omwLmKlOpB/Zku5QkjZ8TZ4vn53pj+t518cH0S03RQ==
  
  extend@^3.0.0:
    version "3.0.2"
    resolved "https://registry.yarnpkg.com/extend/-/extend-3.0.2.tgz#f8b1136b4071fbd8eb140aff858b1019ec2915fa"
    integrity sha512-fjquC59cD7CyW6urNXK0FBufkZcoiGG80wTuPujX590cB5Ttln20E2UB4S/WARVqhXffZl2LNgS+gQdPIIim/g==
  
  flesch-kincaid@^1.0.5:
    version "1.0.5"
    resolved "https://registry.yarnpkg.com/flesch-kincaid/-/flesch-kincaid-1.0.5.tgz#6fcc05c36a520abc1254c50290e89d19fbd15aed"
    integrity sha512-mNzSbHIwCpQG5md1e03hfPEP+Yb5mCfDBAaKyIzGJnWGigdx+aueBV/N+1AL1HogGeLveGZJ9a+ZE9oAUutCyw==
  
  inherits@^2.0.0:
    version "2.0.4"
    resolved "https://registry.yarnpkg.com/inherits/-/inherits-2.0.4.tgz#0fa2c64f932917c3433a0ded55363aae37416b7c"
    integrity sha512-k/vGaX4/Yla3WzyMCvTQOXYeIHvqOKtnqBduzTHpzpQZzAskKMhZ2K+EnBiSM9zGSoIFeMpXKxa4dYeZIQqewQ==
  
  is-buffer@^2.0.0:
    version "2.0.5"
    resolved "https://registry.yarnpkg.com/is-buffer/-/is-buffer-2.0.5.tgz#ebc252e400d22ff8d77fa09888821a24a658c191"
    integrity sha512-i2R6zNFDwgEHJyQUtJEk0XFi1i0dPFn/oqjK3/vPCcDeJvW5NQ83V8QbicfF1SupOaB0h8ntgBC2YiE7dfyctQ==
  
  is-plain-obj@^2.0.0:
    version "2.1.0"
    resolved "https://registry.yarnpkg.com/is-plain-obj/-/is-plain-obj-2.1.0.tgz#45e42e37fccf1f40da8e5f76ee21515840c09287"
    integrity sha512-YWnfyRwxL/+SsrWYfOpUtz5b3YD+nyfkHvjbcanzk8zgyO4ASD67uVMRt8k5bM4lLMDnXfriRhOpemw+NfT1eA==
  
  nlcst-to-string@^2.0.0:
    version "2.0.4"
    resolved "https://registry.yarnpkg.com/nlcst-to-string/-/nlcst-to-string-2.0.4.tgz#9315dfab80882bbfd86ddf1b706f53622dc400cc"
    integrity sha512-3x3jwTd6UPG7vi5k4GEzvxJ5rDA7hVUIRNHPblKuMVP9Z3xmlsd9cgLcpAMkc5uPOBna82EeshROFhsPkbnTZg==
  
  once@^1.4.0:
    version "1.4.0"
    resolved "https://registry.yarnpkg.com/once/-/once-1.4.0.tgz#583b1aa775961d4b113ac17d9c50baef9dd76bd1"
    integrity sha1-WDsap3WWHUsROsF9nFC6753Xa9E=
    dependencies:
      wrappy "1"
  
  parse-english@^4.0.0:
    version "4.2.0"
    resolved "https://registry.yarnpkg.com/parse-english/-/parse-english-4.2.0.tgz#037b68f34d1a1bdf3d33668b87791bdfc1f01e1e"
    integrity sha512-jw5N6wZUZViIw3VLG/FUSeL3vDhfw5Q2g4E3nYC69Mm5ANbh9ZWd+eligQbeUoyObZM8neynTn3l14e09pjEWg==
    dependencies:
      nlcst-to-string "^2.0.0"
      parse-latin "^4.0.0"
      unist-util-modify-children "^2.0.0"
      unist-util-visit-children "^1.0.0"
  
  parse-latin@^4.0.0:
    version "4.3.0"
    resolved "https://registry.yarnpkg.com/parse-latin/-/parse-latin-4.3.0.tgz#1a70fc5601743baa06c5f12253c334fc94b4a917"
    integrity sha512-TYKL+K98dcAWoCw/Ac1yrPviU8Trk+/gmjQVaoWEFDZmVD4KRg6c/80xKqNNFQObo2mTONgF8trzAf2UTwKafw==
    dependencies:
      nlcst-to-string "^2.0.0"
      unist-util-modify-children "^2.0.0"
      unist-util-visit-children "^1.0.0"
  
  replace-ext@1.0.0:
    version "1.0.0"
    resolved "https://registry.yarnpkg.com/replace-ext/-/replace-ext-1.0.0.tgz#de63128373fcbf7c3ccfa4de5a480c45a67958eb"
    integrity sha1-3mMSg3P8v3w8z6TeWkgMRaZ5WOs=
  
  retext-english@^3.0.4:
    version "3.0.4"
    resolved "https://registry.yarnpkg.com/retext-english/-/retext-english-3.0.4.tgz#f978828d51fbcee842bc3807a45b7f709822ea8d"
    integrity sha512-yr1PgaBDde+25aJXrnt3p1jvT8FVLVat2Bx8XeAWX13KXo8OT+3nWGU3HWxM4YFJvmfqvJYJZG2d7xxaO774gw==
    dependencies:
      parse-english "^4.0.0"
      unherit "^1.0.4"
  
  retext-stringify@^2.0.4:
    version "2.0.4"
    resolved "https://registry.yarnpkg.com/retext-stringify/-/retext-stringify-2.0.4.tgz#496d6c532f7dc6d15e4b262de0266e828f72efa9"
    integrity sha512-xOtx5mFJBoT3j7PBtiY2I+mEGERNniofWktI1cKXvjMEJPOuqve0dghLHO1+gz/gScLn4zqspDGv4kk2wS5kSA==
    dependencies:
      nlcst-to-string "^2.0.0"
  
  trough@^1.0.0:
    version "1.0.5"
    resolved "https://registry.yarnpkg.com/trough/-/trough-1.0.5.tgz#b8b639cefad7d0bb2abd37d433ff8293efa5f406"
    integrity sha512-rvuRbTarPXmMb79SmzEp8aqXNKcK+y0XaB298IXueQ8I2PsrATcPBCSPyK/dDNa2iWOhKlfNnOjdAOTBU/nkFA==
  
  unherit@^1.0.4:
    version "1.1.3"
    resolved "https://registry.yarnpkg.com/unherit/-/unherit-1.1.3.tgz#6c9b503f2b41b262330c80e91c8614abdaa69c22"
    integrity sha512-Ft16BJcnapDKp0+J/rqFC3Rrk6Y/Ng4nzsC028k2jdDII/rdZ7Wd3pPT/6+vIIxRagwRc9K0IUX0Ra4fKvw+WQ==
    dependencies:
      inherits "^2.0.0"
      xtend "^4.0.0"
  
  unified-stream@^1.0.6:
    version "1.0.6"
    resolved "https://registry.yarnpkg.com/unified-stream/-/unified-stream-1.0.6.tgz#0b291d93295eea6ba81db8fa58af660ea45e8865"
    integrity sha512-04s1S5XCMz5DRMuzioZBSciB2BqCwZX/AaF1/1FuuGunerQd5F6BqbbJZp/GwgSNdWIVv3dcrZZnamHnAEtwmw==
    dependencies:
      once "^1.4.0"
  
  unified@^9.2.0:
    version "9.2.0"
    resolved "https://registry.yarnpkg.com/unified/-/unified-9.2.0.tgz#67a62c627c40589edebbf60f53edfd4d822027f8"
    integrity sha512-vx2Z0vY+a3YoTj8+pttM3tiJHCwY5UFbYdiWrwBEbHmK8pvsPj2rtAX2BFfgXen8T39CJWblWRDT4L5WGXtDdg==
    dependencies:
      bail "^1.0.0"
      extend "^3.0.0"
      is-buffer "^2.0.0"
      is-plain-obj "^2.0.0"
      trough "^1.0.0"
      vfile "^4.0.0"
  
  unist-util-modify-children@^2.0.0:
    version "2.0.0"
    resolved "https://registry.yarnpkg.com/unist-util-modify-children/-/unist-util-modify-children-2.0.0.tgz#9c9c30d4e32502aabb3fde10d7872a17c86801e2"
    integrity sha512-HGrj7JQo9DwZt8XFsX8UD4gGqOsIlCih9opG6Y+N11XqkBGKzHo8cvDi+MfQQgiZ7zXRUiQREYHhjOBHERTMdg==
    dependencies:
      array-iterate "^1.0.0"
  
  unist-util-stringify-position@^2.0.0:
    version "2.0.3"
    resolved "https://registry.yarnpkg.com/unist-util-stringify-position/-/unist-util-stringify-position-2.0.3.tgz#cce3bfa1cdf85ba7375d1d5b17bdc4cada9bd9da"
    integrity sha512-3faScn5I+hy9VleOq/qNbAd6pAx7iH5jYBMS9I1HgQVijz/4mv5Bvw5iw1sC/90CODiKo81G/ps8AJrISn687g==
    dependencies:
      "@types/unist" "^2.0.2"
  
  unist-util-visit-children@^1.0.0:
    version "1.1.4"
    resolved "https://registry.yarnpkg.com/unist-util-visit-children/-/unist-util-visit-children-1.1.4.tgz#e8a087e58a33a2815f76ea1901c15dec2cb4b432"
    integrity sha512-sA/nXwYRCQVRwZU2/tQWUqJ9JSFM1X3x7JIOsIgSzrFHcfVt6NkzDtKzyxg2cZWkCwGF9CO8x4QNZRJRMK8FeQ==
  
  vfile-message@^2.0.0:
    version "2.0.4"
    resolved "https://registry.yarnpkg.com/vfile-message/-/vfile-message-2.0.4.tgz#5b43b88171d409eae58477d13f23dd41d52c371a"
    integrity sha512-DjssxRGkMvifUOJre00juHoP9DPWuzjxKuMDrhNbk2TdaYYBNMStsNhEOt3idrtI12VQYM/1+iM0KOzXi4pxwQ==
    dependencies:
      "@types/unist" "^2.0.0"
      unist-util-stringify-position "^2.0.0"
  
  vfile@^4.0.0:
    version "4.2.0"
    resolved "https://registry.yarnpkg.com/vfile/-/vfile-4.2.0.tgz#26c78ac92eb70816b01d4565e003b7e65a2a0e01"
    integrity sha512-a/alcwCvtuc8OX92rqqo7PflxiCgXRFjdyoGVuYV+qbgCb0GgZJRvIgCD4+U/Kl1yhaRsaTwksF88xbPyGsgpw==
    dependencies:
      "@types/unist" "^2.0.0"
      is-buffer "^2.0.0"
      replace-ext "1.0.0"
      unist-util-stringify-position "^2.0.0"
      vfile-message "^2.0.0"
  
  wrappy@1:
    version "1.0.2"
    resolved "https://registry.yarnpkg.com/wrappy/-/wrappy-1.0.2.tgz#b5243d8f3ec1aa35f1364605bc0d1036e30ab69f"
    integrity sha1-tSQ9jz7BqjXxNkYFvA0QNuMKtp8=
  
  xtend@^4.0.0:
    version "4.0.2"
    resolved "https://registry.yarnpkg.com/xtend/-/xtend-4.0.2.tgz#bb72779f5fa465186b1f438f674fa347fdb5db54"
    integrity sha512-LKYU1iAXJXUgAXn9URjiu+MWhyUXHsvfp7mcuYm9dSUKK0/CjtrUwFAxD82/mCWbtLsGjFIad0wIsod4zrTAEQ==
